#
# A fatal error has been detected by the Java Runtime Environment:
#
#  EXCEPTION_ACCESS_VIOLATION (0xc0000005) at pc=0x0000000066fc49e1, pid=12480, tid=8096
#
# JRE version: Java(TM) SE Runtime Environment (8.0_25-b18) (build 1.8.0_25-b18)
# Java VM: Java HotSpot(TM) 64-Bit Server VM (25.25-b02 mixed mode windows-amd64 compressed oops)
# Problematic frame:
# V  [jvm.dll+0x1049e1]
#
# Failed to write core dump. Minidumps are not enabled by default on client versions of Windows
#
# If you would like to submit a bug report, please visit:
#   http://bugreport.sun.com/bugreport/crash.jsp
#

---------------  T H R E A D  ---------------

Current thread (0x00000000027e8800):  GCTaskThread [stack: 0x0000000012ae0000,0x0000000012be0000] [id=8096]

siginfo: ExceptionCode=0xc0000005, reading address 0x0000000766126af8

Registers:
RAX=0x0000000012de0000, RBX=0x0000000766126af0, RCX=0x0000000000000000, RDX=0x0000000000000001
RSP=0x0000000012bdf4b0, RBP=0x00000006c22a854c, RSI=0x00000000028b7520, RDI=0x00000000028b7520
R8 =0x0000000000522935, R9 =0x00000007c01ccf58, R10=0x000000000000000c, R11=0x00000000674968f8
R12=0x00000006c22a8550, R13=0x00000007c01cd188, R14=0x00000007c01cd190, R15=0x00000006c22a8540
RIP=0x0000000066fc49e1, EFLAGS=0x0000000000010202

Top of Stack: (sp=0x0000000012bdf4b0)
0x0000000012bdf4b0:   00000007c01ccf58 00000006c22a851c
0x0000000012bdf4c0:   0000000000000003 00000000670c4642
0x0000000012bdf4d0:   0000000000000000 00000000027e8d30
0x0000000012bdf4e0:   00000000027e6a80 00000000028b7520
0x0000000012bdf4f0:   0000000000000065 0000000067296760
0x0000000012bdf500:   000000001c5be370 0000000012bdf609
0x0000000012bdf510:   00000000028b7520 00000000674e4bb8
0x0000000012bdf520:   000000006769d490 0000000000000004
0x0000000012bdf530:   0000000000000000 0000000000000006
0x0000000012bdf540:   00000000674e4bb8 0000000066fc2de5
0x0000000012bdf550:   000000001c5be0f8 0000000012bdf609
0x0000000012bdf560:   0000000000000000 00000000027e6a80
0x0000000012bdf570:   00000000027e8d40 00000000027e8d30
0x0000000012bdf580:   00000000674e4bb8 00000000028b7520
0x0000000012bdf590:   0000000000000000 0000000012bdf609
0x0000000012bdf5a0:   000000001bdc5440 0000000067293941 

Instructions: (pc=0x0000000066fc49e1)
0x0000000066fc49c1:   48 8b 05 f8 8a 6d 00 4a 8b 0c c0 48 0f a3 d1 0f
0x0000000066fc49d1:   82 59 01 00 00 0f b6 15 6c f9 6c 00 84 d2 74 16
0x0000000066fc49e1:   44 8b 43 08 8b 0d 5d 7b 66 00 49 d3 e0 4c 03 05
0x0000000066fc49f1:   4b 7b 66 00 eb 04 4c 8b 43 08 45 8b 48 08 45 85 


Register to memory mapping:

RAX=0x0000000012de0000 is an unknown value
RBX=0x0000000766126af0 is an unallocated location in the heap
RCX=0x0000000000000000 is an unknown value
RDX=0x0000000000000001 is an unknown value
RSP=0x0000000012bdf4b0 is an unknown value
RBP=0x00000006c22a854c is pointing into object: 0x00000006c22a8540
org.apache.maven.artifact.versioning.ComparableVersion$IntegerItem 
 - klass: 'org/apache/maven/artifact/versioning/ComparableVersion$IntegerItem'
RSI=0x00000000028b7520 is an unknown value
RDI=0x00000000028b7520 is an unknown value
R8 =0x0000000000522935 is an unknown value
R9 =0x00000007c01ccf58 is pointing into metadata
R10=0x000000000000000c is an unknown value
R11=0x00000000674968f8 is an unknown value
R12=0x00000006c22a8550 is an oop
org.apache.maven.artifact.versioning.ComparableVersion$IntegerItem 
 - klass: 'org/apache/maven/artifact/versioning/ComparableVersion$IntegerItem'
R13=0x00000007c01cd188 is pointing into metadata
R14=0x00000007c01cd190 is pointing into metadata
R15=0x00000006c22a8540 is an oop
org.apache.maven.artifact.versioning.ComparableVersion$IntegerItem 
 - klass: 'org/apache/maven/artifact/versioning/ComparableVersion$IntegerItem'


Stack: [0x0000000012ae0000,0x0000000012be0000],  sp=0x0000000012bdf4b0,  free space=1021k
Native frames: (J=compiled Java code, j=interpreted, Vv=VM code, C=native code)
V  [jvm.dll+0x1049e1]
V  [jvm.dll+0x3d6760]
V  [jvm.dll+0x3d3941]
V  [jvm.dll+0x3d14ae]
V  [jvm.dll+0x2852fa]
C  [msvcr100.dll+0x21d9f]
C  [msvcr100.dll+0x21e3b]
C  [KERNEL32.DLL+0x13034]
C  [ntdll.dll+0x71551]


---------------  P R O C E S S  ---------------

Java Threads: ( => current thread )
  0x000000001d784800 JavaThread "Service Thread" daemon [_thread_blocked, id=13188, stack(0x000000001db50000,0x000000001dc50000)]
  0x000000001bf05800 JavaThread "C1 CompilerThread2" daemon [_thread_blocked, id=13416, stack(0x000000001d650000,0x000000001d750000)]
  0x000000001bef5800 JavaThread "C2 CompilerThread1" daemon [_thread_blocked, id=13496, stack(0x000000001d550000,0x000000001d650000)]
  0x000000001beec000 JavaThread "C2 CompilerThread0" daemon [_thread_blocked, id=4296, stack(0x000000001d450000,0x000000001d550000)]
  0x000000001beea800 JavaThread "Attach Listener" daemon [_thread_blocked, id=11564, stack(0x000000001d350000,0x000000001d450000)]
  0x000000001bee9000 JavaThread "Signal Dispatcher" daemon [_thread_blocked, id=6864, stack(0x000000001d250000,0x000000001d350000)]
  0x00000000028c2800 JavaThread "Finalizer" daemon [_thread_blocked, id=11964, stack(0x000000001d150000,0x000000001d250000)]
  0x00000000028bb000 JavaThread "Reference Handler" daemon [_thread_blocked, id=7220, stack(0x000000001d050000,0x000000001d150000)]
  0x00000000027d0800 JavaThread "main" [_thread_blocked, id=8104, stack(0x00000000026d0000,0x00000000027d0000)]

Other Threads:
  0x000000001beb5800 VMThread [stack: 0x000000001cf50000,0x000000001d050000] [id=7944]
  0x000000001d788800 WatcherThread [stack: 0x000000001dc50000,0x000000001dd50000] [id=1540]

=>0x00000000027e8800 (exited) GCTaskThread [stack: 0x0000000012ae0000,0x0000000012be0000] [id=8096]

VM state:at safepoint (normal execution)

VM Mutex/Monitor currently owned by a thread:  ([mutex/lock_event])
[0x000000000267c780] Threads_lock - owner thread: 0x000000001beb5800
[0x000000000267c380] Heap_lock - owner thread: 0x00000000027d0800

Heap:
 PSYoungGen      total 272896K, used 10737K [0x000000076b400000, 0x000000077c900000, 0x00000007c0000000)
  eden space 262144K, 0% used [0x000000076b400000,0x000000076b400000,0x000000077b400000)
  from space 10752K, 99% used [0x000000077be80000,0x000000077c8fc6b0,0x000000077c900000)
  to   space 10752K, 0% used [0x000000077b400000,0x000000077b400000,0x000000077be80000)
 ParOldGen       total 175104K, used 12563K [0x00000006c1c00000, 0x00000006cc700000, 0x000000076b400000)
  object space 175104K, 7% used [0x00000006c1c00000,0x00000006c2844cf0,0x00000006cc700000)
 Metaspace       used 20643K, capacity 21086K, committed 21248K, reserved 1069056K
  class space    used 2390K, capacity 2551K, committed 2560K, reserved 1048576K

Card table byte_map: [0x0000000011c90000,0x0000000012490000] byte_map_base: 0x000000000e682000

Marking Bits: (ParMarkBitMap*) 0x000000006769d490
 Begin Bits: [0x0000000012de0000, 0x0000000016d70000)
 End Bits:   [0x0000000016d70000, 0x000000001ad00000)

Polling page: 0x0000000002600000

CodeCache: size=245760Kb used=12175Kb max_used=12175Kb free=233584Kb
 bounds [0x00000000028d0000, 0x00000000034c0000, 0x00000000118d0000]
 total_blobs=4127 nmethods=3732 adapters=308
 compilation: enabled

Compilation events (10 events):
Event: 3.152 Thread 0x000000001bf05800 nmethod 3730 0x00000000034b7250 code [0x00000000034b73c0, 0x00000000034b76e8]
Event: 3.152 Thread 0x000000001bf05800 3729       1       java.lang.invoke.LambdaForm$Name::index (5 bytes)
Event: 3.152 Thread 0x000000001bf05800 nmethod 3729 0x00000000034b77d0 code [0x00000000034b7920, 0x00000000034b7a30]
Event: 3.152 Thread 0x000000001bf05800 3732   !   3       java.lang.invoke.MemberName::getMethodType (208 bytes)
Event: 3.152 Thread 0x000000001bf05800 nmethod 3732 0x00000000034b7a90 code [0x00000000034b7d40, 0x00000000034b9508]
Event: 3.152 Thread 0x000000001bf05800 3734       3       java.lang.invoke.MethodType::checkSlotCount (33 bytes)
Event: 3.153 Thread 0x000000001bf05800 nmethod 3734 0x00000000034b9d90 code [0x00000000034b9f60, 0x00000000034ba798]
Event: 3.153 Thread 0x000000001bf05800 3737       3       java.util.Arrays::equals (78 bytes)
Event: 3.153 Thread 0x000000001bf05800 nmethod 3737 0x00000000034baad0 code [0x00000000034bac60, 0x00000000034bb148]
Event: 3.153 Thread 0x000000001bf05800 3738   !   3       sun.invoke.util.VerifyAccess::isTypeVisible (101 bytes)

GC Heap History (9 events):
Event: 0.792 GC heap before
{Heap before GC invocations=1 (full 0):
 PSYoungGen      total 76288K, used 65536K [0x000000076b400000, 0x0000000770900000, 0x00000007c0000000)
  eden space 65536K, 100% used [0x000000076b400000,0x000000076f400000,0x000000076f400000)
  from space 10752K, 0% used [0x000000076fe80000,0x000000076fe80000,0x0000000770900000)
  to   space 10752K, 0% used [0x000000076f400000,0x000000076f400000,0x000000076fe80000)
 ParOldGen       total 175104K, used 0K [0x00000006c1c00000, 0x00000006cc700000, 0x000000076b400000)
  object space 175104K, 0% used [0x00000006c1c00000,0x00000006c1c00000,0x00000006cc700000)
 Metaspace       used 11183K, capacity 11362K, committed 11520K, reserved 1058816K
  class space    used 1417K, capacity 1509K, committed 1536K, reserved 1048576K
Event: 0.801 GC heap after
Heap after GC invocations=1 (full 0):
 PSYoungGen      total 76288K, used 9433K [0x000000076b400000, 0x0000000774900000, 0x00000007c0000000)
  eden space 65536K, 0% used [0x000000076b400000,0x000000076b400000,0x000000076f400000)
  from space 10752K, 87% used [0x000000076f400000,0x000000076fd36790,0x000000076fe80000)
  to   space 10752K, 0% used [0x0000000773e80000,0x0000000773e80000,0x0000000774900000)
 ParOldGen       total 175104K, used 16K [0x00000006c1c00000, 0x00000006cc700000, 0x000000076b400000)
  object space 175104K, 0% used [0x00000006c1c00000,0x00000006c1c04000,0x00000006cc700000)
 Metaspace       used 11183K, capacity 11362K, committed 11520K, reserved 1058816K
  class space    used 1417K, capacity 1509K, committed 1536K, reserved 1048576K
}
Event: 1.354 GC heap before
{Heap before GC invocations=2 (full 0):
 PSYoungGen      total 76288K, used 74969K [0x000000076b400000, 0x0000000774900000, 0x00000007c0000000)
  eden space 65536K, 100% used [0x000000076b400000,0x000000076f400000,0x000000076f400000)
  from space 10752K, 87% used [0x000000076f400000,0x000000076fd36790,0x000000076fe80000)
  to   space 10752K, 0% used [0x0000000773e80000,0x0000000773e80000,0x0000000774900000)
 ParOldGen       total 175104K, used 16K [0x00000006c1c00000, 0x00000006cc700000, 0x000000076b400000)
  object space 175104K, 0% used [0x00000006c1c00000,0x00000006c1c04000,0x00000006cc700000)
 Metaspace       used 14623K, capacity 14818K, committed 14976K, reserved 1062912K
  class space    used 1785K, capacity 1877K, committed 1920K, reserved 1048576K
Event: 1.365 GC heap after
Heap after GC invocations=2 (full 0):
 PSYoungGen      total 141824K, used 10725K [0x000000076b400000, 0x0000000774900000, 0x00000007c0000000)
  eden space 131072K, 0% used [0x000000076b400000,0x000000076b400000,0x0000000773400000)
  from space 10752K, 99% used [0x0000000773e80000,0x00000007748f9460,0x0000000774900000)
  to   space 10752K, 0% used [0x0000000773400000,0x0000000773400000,0x0000000773e80000)
 ParOldGen       total 175104K, used 218K [0x00000006c1c00000, 0x00000006cc700000, 0x000000076b400000)
  object space 175104K, 0% used [0x00000006c1c00000,0x00000006c1c36978,0x00000006cc700000)
 Metaspace       used 14623K, capacity 14818K, committed 14976K, reserved 1062912K
  class space    used 1785K, capacity 1877K, committed 1920K, reserved 1048576K
}
Event: 2.241 GC heap before
{Heap before GC invocations=3 (full 0):
 PSYoungGen      total 141824K, used 141797K [0x000000076b400000, 0x0000000774900000, 0x00000007c0000000)
  eden space 131072K, 100% used [0x000000076b400000,0x0000000773400000,0x0000000773400000)
  from space 10752K, 99% used [0x0000000773e80000,0x00000007748f9460,0x0000000774900000)
  to   space 10752K, 0% used [0x0000000773400000,0x0000000773400000,0x0000000773e80000)
 ParOldGen       total 175104K, used 218K [0x00000006c1c00000, 0x00000006cc700000, 0x000000076b400000)
  object space 175104K, 0% used [0x00000006c1c00000,0x00000006c1c36978,0x00000006cc700000)
 Metaspace       used 16665K, capacity 17090K, committed 17280K, reserved 1064960K
  class space    used 1955K, capacity 2093K, committed 2176K, reserved 1048576K
Event: 2.256 GC heap after
Heap after GC invocations=3 (full 0):
 PSYoungGen      total 141824K, used 10736K [0x000000076b400000, 0x000000077c900000, 0x00000007c0000000)
  eden space 131072K, 0% used [0x000000076b400000,0x000000076b400000,0x0000000773400000)
  from space 10752K, 99% used [0x0000000773400000,0x0000000773e7c030,0x0000000773e80000)
  to   space 10752K, 0% used [0x000000077be80000,0x000000077be80000,0x000000077c900000)
 ParOldGen       total 175104K, used 8944K [0x00000006c1c00000, 0x00000006cc700000, 0x000000076b400000)
  object space 175104K, 5% used [0x00000006c1c00000,0x00000006c24bc088,0x00000006cc700000)
 Metaspace       used 16665K, capacity 17090K, committed 17280K, reserved 1064960K
  class space    used 1955K, capacity 2093K, committed 2176K, reserved 1048576K
}
Event: 3.154 GC heap before
{Heap before GC invocations=4 (full 0):
 PSYoungGen      total 141824K, used 29310K [0x000000076b400000, 0x000000077c900000, 0x00000007c0000000)
  eden space 131072K, 14% used [0x000000076b400000,0x000000076c6238c8,0x0000000773400000)
  from space 10752K, 99% used [0x0000000773400000,0x0000000773e7c030,0x0000000773e80000)
  to   space 10752K, 0% used [0x000000077be80000,0x000000077be80000,0x000000077c900000)
 ParOldGen       total 175104K, used 8944K [0x00000006c1c00000, 0x00000006cc700000, 0x000000076b400000)
  object space 175104K, 5% used [0x00000006c1c00000,0x00000006c24bc088,0x00000006cc700000)
 Metaspace       used 20643K, capacity 21086K, committed 21248K, reserved 1069056K
  class space    used 2390K, capacity 2551K, committed 2560K, reserved 1048576K
Event: 3.166 GC heap after
Heap after GC invocations=4 (full 0):
 PSYoungGen      total 272896K, used 10737K [0x000000076b400000, 0x000000077c900000, 0x00000007c0000000)
  eden space 262144K, 0% used [0x000000076b400000,0x000000076b400000,0x000000077b400000)
  from space 10752K, 99% used [0x000000077be80000,0x000000077c8fc6b0,0x000000077c900000)
  to   space 10752K, 0% used [0x000000077b400000,0x000000077b400000,0x000000077be80000)
 ParOldGen       total 175104K, used 12563K [0x00000006c1c00000, 0x00000006cc700000, 0x000000076b400000)
  object space 175104K, 7% used [0x00000006c1c00000,0x00000006c2844cf0,0x00000006cc700000)
 Metaspace       used 20643K, capacity 21086K, committed 21248K, reserved 1069056K
  class space    used 2390K, capacity 2551K, committed 2560K, reserved 1048576K
}
Event: 3.166 GC heap before
{Heap before GC invocations=5 (full 1):
 PSYoungGen      total 272896K, used 10737K [0x000000076b400000, 0x000000077c900000, 0x00000007c0000000)
  eden space 262144K, 0% used [0x000000076b400000,0x000000076b400000,0x000000077b400000)
  from space 10752K, 99% used [0x000000077be80000,0x000000077c8fc6b0,0x000000077c900000)
  to   space 10752K, 0% used [0x000000077b400000,0x000000077b400000,0x000000077be80000)
 ParOldGen       total 175104K, used 12563K [0x00000006c1c00000, 0x00000006cc700000, 0x000000076b400000)
  object space 175104K, 7% used [0x00000006c1c00000,0x00000006c2844cf0,0x00000006cc700000)
 Metaspace       used 20643K, capacity 21086K, committed 21248K, reserved 1069056K
  class space    used 2390K, capacity 2551K, committed 2560K, reserved 1048576K

Deoptimization events (10 events):
Event: 2.275 Thread 0x00000000027d0800 Uncommon trap: reason=class_check action=maybe_recompile pc=0x000000000304ddcc method=java.util.Hashtable.put(Ljava/lang/Object;Ljava/lang/Object;)Ljava/lang/Object; @ 18
Event: 2.275 Thread 0x00000000027d0800 Uncommon trap: reason=class_check action=maybe_recompile pc=0x000000000304bbc4 method=java.util.Hashtable.addEntry(ILjava/lang/Object;Ljava/lang/Object;I)V @ 38
Event: 2.296 Thread 0x00000000027d0800 Uncommon trap: reason=bimorphic action=maybe_recompile pc=0x0000000003170f24 method=java.util.regex.Pattern$CharProperty$1.isSatisfiedBy(I)Z @ 5
Event: 2.296 Thread 0x00000000027d0800 Uncommon trap: reason=bimorphic action=maybe_recompile pc=0x0000000003170f24 method=java.util.regex.Pattern$CharProperty$1.isSatisfiedBy(I)Z @ 5
Event: 2.296 Thread 0x00000000027d0800 Uncommon trap: reason=bimorphic action=maybe_recompile pc=0x0000000003170f24 method=java.util.regex.Pattern$CharProperty$1.isSatisfiedBy(I)Z @ 5
Event: 2.296 Thread 0x00000000027d0800 Uncommon trap: reason=bimorphic action=maybe_recompile pc=0x0000000003170f24 method=java.util.regex.Pattern$CharProperty$1.isSatisfiedBy(I)Z @ 5
Event: 2.450 Thread 0x00000000027d0800 Uncommon trap: reason=class_check action=maybe_recompile pc=0x000000000337f0e4 method=java.util.Properties$LineReader.readLine()I @ 62
Event: 2.451 Thread 0x00000000027d0800 Uncommon trap: reason=class_check action=maybe_recompile pc=0x000000000337f0e4 method=java.util.Properties$LineReader.readLine()I @ 62
Event: 2.794 Thread 0x00000000027d0800 Uncommon trap: reason=null_check action=make_not_entrant pc=0x0000000002ea4dcc method=java.net.URL.getURLStreamHandler(Ljava/lang/String;)Ljava/net/URLStreamHandler; @ 7
Event: 2.806 Thread 0x00000000027d0800 Uncommon trap: reason=predicate action=maybe_recompile pc=0x0000000003167af4 method=java.util.Vector.indexOf(Ljava/lang/Object;I)I @ 44

Internal exceptions (10 events):
Event: 2.468 Thread 0x00000000027d0800 Exception <a 'java/security/PrivilegedActionException'> (0x000000076bd3f308) thrown at [D:\re\workspace\8-2-build-windows-amd64-cygwin\jdk8u25\1677\hotspot\src\share\vm\prims\jvm.cpp, line 1312]
Event: 2.468 Thread 0x00000000027d0800 Exception <a 'java/security/PrivilegedActionException'> (0x000000076bd477e8) thrown at [D:\re\workspace\8-2-build-windows-amd64-cygwin\jdk8u25\1677\hotspot\src\share\vm\prims\jvm.cpp, line 1312]
Event: 2.468 Thread 0x00000000027d0800 Exception <a 'java/security/PrivilegedActionException'> (0x000000076bd48898) thrown at [D:\re\workspace\8-2-build-windows-amd64-cygwin\jdk8u25\1677\hotspot\src\share\vm\prims\jvm.cpp, line 1312]
Event: 2.468 Thread 0x00000000027d0800 Exception <a 'java/security/PrivilegedActionException'> (0x000000076bd49438) thrown at [D:\re\workspace\8-2-build-windows-amd64-cygwin\jdk8u25\1677\hotspot\src\share\vm\prims\jvm.cpp, line 1312]
Event: 2.468 Thread 0x00000000027d0800 Exception <a 'java/security/PrivilegedActionException'> (0x000000076bd4f9b0) thrown at [D:\re\workspace\8-2-build-windows-amd64-cygwin\jdk8u25\1677\hotspot\src\share\vm\prims\jvm.cpp, line 1312]
Event: 2.794 Thread 0x00000000027d0800 Implicit null exception at 0x0000000002ea2ccf to 0x0000000002ea4dc1
Event: 3.140 Thread 0x00000000027d0800 Exception <a 'java/lang/ClassNotFoundException': java/lang/Null> (0x000000076c4aba88) thrown at [D:\re\workspace\8-2-build-windows-amd64-cygwin\jdk8u25\1677\hotspot\src\share\vm\classfile\systemDictionary.cpp, line 202]
Event: 3.151 Thread 0x00000000027d0800 Exception <a 'java/lang/NoSuchFieldError': method resolution failed> (0x000000076c50ca28) thrown at [D:\re\workspace\8-2-build-windows-amd64-cygwin\jdk8u25\1677\hotspot\src\share\vm\prims\methodHandles.cpp, line 1159]
Event: 3.152 Thread 0x00000000027d0800 Exception <a 'java/lang/NoSuchFieldError': method resolution failed> (0x000000076c51bba0) thrown at [D:\re\workspace\8-2-build-windows-amd64-cygwin\jdk8u25\1677\hotspot\src\share\vm\prims\methodHandles.cpp, line 1159]
Event: 3.153 Thread 0x00000000027d0800 Exception <a 'java/lang/NoSuchFieldError': method resolution failed> (0x000000076c51f340) thrown at [D:\re\workspace\8-2-build-windows-amd64-cygwin\jdk8u25\1677\hotspot\src\share\vm\prims\methodHandles.cpp, line 1159]

Events (10 events):
Event: 3.152 loading class java/lang/ClassValue$Entry done
Event: 3.152 loading class java/lang/ClassValue$Identity
Event: 3.152 loading class java/lang/ClassValue$Identity done
Event: 3.152 loading class java/lang/ClassValue$Version
Event: 3.152 loading class java/lang/ClassValue$Version done
Event: 3.153 loading class java/lang/invoke/BoundMethodHandle
Event: 3.153 loading class java/lang/invoke/BoundMethodHandle done
Event: 3.153 loading class java/lang/invoke/BoundMethodHandle$SpeciesData
Event: 3.154 loading class java/lang/invoke/BoundMethodHandle$SpeciesData done
Event: 3.154 Executing VM operation: CollectForMetadataAllocation


Dynamic libraries:
0x00007ff638d40000 - 0x00007ff638d74000 	C:\Program Files\Java\jre1.8.0_25\bin\javaw.exe
0x00007ffee01c0000 - 0x00007ffee03a1000 	C:\Windows\SYSTEM32\ntdll.dll
0x00007ffedf970000 - 0x00007ffedfa22000 	C:\Windows\System32\KERNEL32.DLL
0x00007ffedd140000 - 0x00007ffedd3b3000 	C:\Windows\System32\KERNELBASE.dll
0x00007ffedd880000 - 0x00007ffedd921000 	C:\Windows\System32\ADVAPI32.dll
0x00007ffedfae0000 - 0x00007ffedfb7e000 	C:\Windows\System32\msvcrt.dll
0x00007ffedd820000 - 0x00007ffedd87b000 	C:\Windows\System32\sechost.dll
0x00007ffedd6f0000 - 0x00007ffedd814000 	C:\Windows\System32\RPCRT4.dll
0x00007ffedf550000 - 0x00007ffedf6e0000 	C:\Windows\System32\USER32.dll
0x00007ffedd120000 - 0x00007ffedd140000 	C:\Windows\System32\win32u.dll
0x00007ffedf940000 - 0x00007ffedf968000 	C:\Windows\System32\GDI32.dll
0x00007ffedc740000 - 0x00007ffedc8d2000 	C:\Windows\System32\gdi32full.dll
0x00007ffedd3c0000 - 0x00007ffedd45f000 	C:\Windows\System32\msvcp_win.dll
0x00007ffedc5f0000 - 0x00007ffedc6ea000 	C:\Windows\System32\ucrtbase.dll
0x00007ffed2120000 - 0x00007ffed2389000 	C:\Windows\WinSxS\amd64_microsoft.windows.common-controls_6595b64144ccf1df_6.0.17134.1_none_e4da93291059d8fb\COMCTL32.dll
0x00007ffedfe00000 - 0x00007ffee0123000 	C:\Windows\System32\combase.dll
0x00007ffedd0a0000 - 0x00007ffedd11a000 	C:\Windows\System32\bcryptPrimitives.dll
0x00007ffedf420000 - 0x00007ffedf44d000 	C:\Windows\System32\IMM32.DLL
0x0000000066920000 - 0x00000000669f2000 	C:\Program Files\Java\jre1.8.0_25\bin\msvcr100.dll
0x0000000066ec0000 - 0x000000006771a000 	C:\Program Files\Java\jre1.8.0_25\bin\server\jvm.dll
0x00007ffedfdf0000 - 0x00007ffedfdf8000 	C:\Windows\System32\PSAPI.DLL
0x00007ffec7a80000 - 0x00007ffec7a89000 	C:\Windows\SYSTEM32\WSOCK32.dll
0x00007ffeda7a0000 - 0x00007ffeda7c3000 	C:\Windows\SYSTEM32\WINMM.dll
0x00007ffedfd80000 - 0x00007ffedfdec000 	C:\Windows\System32\WS2_32.dll
0x00007ffeda770000 - 0x00007ffeda79a000 	C:\Windows\SYSTEM32\WINMMBASE.dll
0x00007ffedc6f0000 - 0x00007ffedc739000 	C:\Windows\System32\cfgmgr32.dll
0x0000000067cb0000 - 0x0000000067cbf000 	C:\Program Files\Java\jre1.8.0_25\bin\verify.dll
0x0000000066e90000 - 0x0000000066eb8000 	C:\Program Files\Java\jre1.8.0_25\bin\java.dll
0x0000000066e70000 - 0x0000000066e86000 	C:\Program Files\Java\jre1.8.0_25\bin\zip.dll
0x00007ffedd930000 - 0x00007ffeded70000 	C:\Windows\System32\SHELL32.dll
0x00007ffedfa30000 - 0x00007ffedfad9000 	C:\Windows\System32\shcore.dll
0x00007ffedc8e0000 - 0x00007ffedcfed000 	C:\Windows\System32\windows.storage.dll
0x00007ffee0130000 - 0x00007ffee0181000 	C:\Windows\System32\shlwapi.dll
0x00007ffedc570000 - 0x00007ffedc581000 	C:\Windows\System32\kernel.appcore.dll
0x00007ffedc4d0000 - 0x00007ffedc4ef000 	C:\Windows\System32\profapi.dll
0x00007ffedc520000 - 0x00007ffedc56c000 	C:\Windows\System32\powrprof.dll
0x00007ffedc4f0000 - 0x00007ffedc4fa000 	C:\Windows\System32\FLTLIB.DLL
0x0000000066e50000 - 0x0000000066e6a000 	C:\Program Files\Java\jre1.8.0_25\bin\net.dll
0x00007ffedbca0000 - 0x00007ffedbd06000 	C:\Windows\system32\mswsock.dll
0x0000000066e30000 - 0x0000000066e41000 	C:\Program Files\Java\jre1.8.0_25\bin\nio.dll
0x0000000066e00000 - 0x0000000066e24000 	C:\Program Files\Java\jre1.8.0_25\bin\sunec.dll
0x00007ffedc210000 - 0x00007ffedc227000 	C:\Windows\SYSTEM32\CRYPTSP.dll
0x00007ffedb890000 - 0x00007ffedb8c3000 	C:\Windows\system32\rsaenh.dll
0x00007ffedc000000 - 0x00007ffedc025000 	C:\Windows\SYSTEM32\bcrypt.dll
0x00007ffedc3d0000 - 0x00007ffedc3f8000 	C:\Windows\SYSTEM32\USERENV.dll
0x00007ffedbe00000 - 0x00007ffedbe0b000 	C:\Windows\SYSTEM32\CRYPTBASE.dll
0x00007ffedba30000 - 0x00007ffedba68000 	C:\Windows\SYSTEM32\IPHLPAPI.DLL
0x00007ffedf6e0000 - 0x00007ffedf6e8000 	C:\Windows\System32\NSI.dll
0x00007ffed8a60000 - 0x00007ffed8a76000 	C:\Windows\SYSTEM32\dhcpcsvc6.DLL
0x00007ffed8950000 - 0x00007ffed896a000 	C:\Windows\SYSTEM32\dhcpcsvc.DLL
0x00007ffedba70000 - 0x00007ffedbb2e000 	C:\Windows\SYSTEM32\DNSAPI.dll
0x00007ffed6760000 - 0x00007ffed676a000 	C:\Windows\System32\rasadhlp.dll
0x00007ffed8aa0000 - 0x00007ffed8b12000 	C:\Windows\System32\fwpuclnt.dll
0x00007ffed0140000 - 0x00007ffed0156000 	C:\Windows\system32\napinsp.dll
0x00007ffed0c80000 - 0x00007ffed0c9a000 	C:\Windows\system32\pnrpnsp.dll
0x00007ffed7990000 - 0x00007ffed79a9000 	C:\Windows\system32\NLAapi.dll
0x00007ffed11f0000 - 0x00007ffed11fe000 	C:\Windows\System32\winrnr.dll
0x00007ffed6070000 - 0x00007ffed6239000 	C:\Windows\SYSTEM32\dbghelp.dll

VM Arguments:
jvm_args: -Dmaven.home=EMBEDDED -Dclassworlds.conf=D:\learnSpringBoot\.metadata\.plugins\org.eclipse.m2e.launching\launches\m2conf6048437691851064394.tmp -Dmaven.multiModuleProjectDirectory=D:\learnSpringBoot\SpringSecurityExample -Dfile.encoding=Cp1252 
java_command: org.codehaus.plexus.classworlds.launcher.Launcher -Ppom.xml -B test
java_class_path (initial): /D:/Bhoomi/Softwares/eclipse/plugins/org.eclipse.m2e.maven.runtime_1.7.0.20160603-1931/jars/plexus-classworlds-2.5.2.jar
Launcher Type: SUN_STANDARD

Environment Variables:
JAVA_HOME=C:\Program Files\Java\jdk1.8.0_25
PATH=C:/Program Files/Java/jre1.8.0_25/bin/server;C:/Program Files/Java/jre1.8.0_25/bin;C:/Program Files/Java/jre1.8.0_25/lib/amd64;C:\Program Files\Docker\Docker\Resources\bin;C:\ProgramData\Oracle\Java\javapath;C:\Program Files\Java\jdk1.8.0_25\bin;C:\Program Files (x86)\Microsoft SQL Server\100\Tools\Binn\;C:\Program Files\Microsoft SQL Server\100\Tools\Binn\;C:\Program Files\Microsoft SQL Server\100\DTS\Binn\;C:\Program Files (x86)\Microsoft SQL Server\100\Tools\Binn\VSShell\Common7\IDE\;C:\Program Files (x86)\Microsoft SQL Server\100\DTS\Binn\;C:\Program Files (x86)\Microsoft Visual Studio 9.0\Common7\IDE\PrivateAssemblies\;C:\Program Files\Git\cmd;D:\Bhoomi\Softwares\apache-maven-3.6.0\bin;D:\Bhoomi\Softwares\spring-framework-4.1.6.RELEASE\libs;C:\Program Files\nodejs\;;C:\Users\pci139\AppData\Local\Programs\Microsoft VS Code\bin;C:\Users\pci139\AppData\Roaming\npm;D:\Bhoomi\Softwares\eclipse;
USERNAME=pci139
OS=Windows_NT
PROCESSOR_IDENTIFIER=Intel64 Family 6 Model 60 Stepping 3, GenuineIntel



---------------  S Y S T E M  ---------------

OS: Windows 8.1 , 64 bit Build 9600 

CPU:total 4 (4 cores per cpu, 1 threads per core) family 6 model 60 stepping 3, cmov, cx8, fxsr, mmx, sse, sse2, sse3, ssse3, sse4.1, sse4.2, popcnt, avx, avx2, aes, clmul, erms, lzcnt, tsc, tscinvbit, bmi1, bmi2

Memory: 4k page, physical 16661764k(5471668k free), swap 19152132k(6643304k free)

vm_info: Java HotSpot(TM) 64-Bit Server VM (25.25-b02) for windows-amd64 JRE (1.8.0_25-b18), built on Oct  7 2014 14:25:37 by "java_re" with MS VC++ 10.0 (VS2010)

time: Mon Jul 08 16:55:11 2019
elapsed time: 3 seconds (0d 0h 0m 3s)

